


ARM Macro Assembler    Page 1 


    1 00000000         ;****************** main.s ***************
    2 00000000         ; Program written by: ***Your Names**update this***
    3 00000000         ; Date Created: 1/22/2016 
    4 00000000         ; Last Modified: 1/22/2016 
    5 00000000         ; Section ***Tuesday 1-2***update this***
    6 00000000         ; Instructor: ***Ramesh Yerraballi**update this***
    7 00000000         ; Lab number: 4
    8 00000000         ; Brief description of the program
    9 00000000         ;   If the switch is presses, the LED toggles at 8 Hz
   10 00000000         ; Hardware connections
   11 00000000         ;  PE1 is switch input  (1 means pressed, 0 means not pr
                       essed)
   12 00000000         ;  PE0 is LED output (1 activates external LED on protob
                       oard) 
   13 00000000         ;Overall functionality of this system is the similar to 
                       Lab 3, with three changes:
   14 00000000         ;1-  initialize SysTick with RELOAD 0x00FFFFFF 
   15 00000000         ;2-  add a heartbeat to PF2 that toggles every time thro
                       ugh loop 
   16 00000000         ;3-  add debugging dump of input, output, and time
   17 00000000         ; Operation
   18 00000000         ; 1) Make PE0 an output and make PE1 an input. 
   19 00000000         ; 2) The system starts with the LED on (make PE0 =1). 
   20 00000000         ;   3) Wait about 62 ms
   21 00000000         ;   4) If the switch is pressed (PE1 is 1), then toggle 
                       the LED once, else turn the LED on. 
   22 00000000         ;   5) Steps 3 and 4 are repeated over and over
   23 00000000         
   24 00000000         
   25 00000000 40024008 
                       SWITCH  EQU              0x40024008  ;PE1
   26 00000000 40024004 
                       LED     EQU              0x40024004  ;PE0
   27 00000000 400FE608 
                       SYSCTL_RCGCGPIO_R
                               EQU              0x400FE608
   28 00000000 00000010 
                       SYSCTL_RCGC2_GPIOE
                               EQU              0x00000010  ; port E Clock Gati
                                                            ng Control
   29 00000000 00000020 
                       SYSCTL_RCGC2_GPIOF
                               EQU              0x00000020  ; port F Clock Gati
                                                            ng Control
   30 00000000 400243FC 
                       GPIO_PORTE_DATA_R
                               EQU              0x400243FC
   31 00000000 40024400 
                       GPIO_PORTE_DIR_R
                               EQU              0x40024400
   32 00000000 40024420 
                       GPIO_PORTE_AFSEL_R
                               EQU              0x40024420
   33 00000000 40024510 
                       GPIO_PORTE_PUR_R
                               EQU              0x40024510
   34 00000000 4002451C 
                       GPIO_PORTE_DEN_R
                               EQU              0x4002451C



ARM Macro Assembler    Page 2 


   35 00000000 400253FC 
                       GPIO_PORTF_DATA_R
                               EQU              0x400253FC
   36 00000000 40025400 
                       GPIO_PORTF_DIR_R
                               EQU              0x40025400
   37 00000000 40025420 
                       GPIO_PORTF_AFSEL_R
                               EQU              0x40025420
   38 00000000 4002551C 
                       GPIO_PORTF_DEN_R
                               EQU              0x4002551C
   39 00000000 E000E010 
                       NVIC_ST_CTRL_R
                               EQU              0xE000E010
   40 00000000 E000E014 
                       NVIC_ST_RELOAD_R
                               EQU              0xE000E014
   41 00000000 E000E018 
                       NVIC_ST_CURRENT_R
                               EQU              0xE000E018
   42 00000000                 THUMB
   43 00000000                 AREA             DATA, ALIGN=4
   44 00000000 00000032 
                       SIZE    EQU              50
   45 00000000         ;You MUST use these two buffers and two variables
   46 00000000         ;You MUST not change their names
   47 00000000         ;These names MUST be exported
   48 00000000                 EXPORT           DataBuffer
   49 00000000                 EXPORT           TimeBuffer
   50 00000000                 EXPORT           DataPt [DATA,SIZE=4]
   51 00000000                 EXPORT           TimePt [DATA,SIZE=4]
   52 00000000 00 00 00 
              00 00 00 
              00 00 00 
              00 00 00 
              00 00 00 
              00 00 00 
              00 00 00 
              00 00 00 
              00 00 00 
              00 00 00 
              00 00 00 
              00 00 00 
              00 00 00 
              00 00 00 
              00 00 00 
              00 00 00 
              00 00 00 
              00 00 00 
              00 00 00 
              00 00 00 
              00 00 00 
              00 00 00 
              00 00 00 
              00 00 00 
              00 00 00 
              00 00 00 
              00 00 00 



ARM Macro Assembler    Page 3 


              00 00 00 
              00 00 00 
              00 00 00 
              00 00 00 
              00 00 00 
              00 00 00 
              00 00 00 
              00 00 00 
              00 00 00 
              00 00 00 
              00 00 00 
              00 00 00 
              00 00 00 
              00 00 00 
              00 00 00 
              00 00 00 
              00 00 00 
              00 00 00 
              00 00 00 
              00 00 00 
              00 00 00 
              00 00 00 
              00 00 00 
              00 00 00 
              00 00 00 
              00 00 00 
              00 00 00 
              00 00 00 
              00 00 00 
              00 00 00 
              00 00 00 
              00 00 00 
              00 00 00 
              00 00 00 
              00 00 00 
              00 00 00 
              00 00 00 
              00 00 00 
              00 00 00 
              00 00    DataBuffer
                               SPACE            SIZE*4
   53 000000C8 00 00 00 
              00 00 00 
              00 00 00 
              00 00 00 
              00 00 00 
              00 00 00 
              00 00 00 
              00 00 00 
              00 00 00 
              00 00 00 
              00 00 00 
              00 00 00 
              00 00 00 
              00 00 00 
              00 00 00 
              00 00 00 
              00 00 00 
              00 00 00 



ARM Macro Assembler    Page 4 


              00 00 00 
              00 00 00 
              00 00 00 
              00 00 00 
              00 00 00 
              00 00 00 
              00 00 00 
              00 00 00 
              00 00 00 
              00 00 00 
              00 00 00 
              00 00 00 
              00 00 00 
              00 00 00 
              00 00 00 
              00 00 00 
              00 00 00 
              00 00 00 
              00 00 00 
              00 00 00 
              00 00 00 
              00 00 00 
              00 00 00 
              00 00 00 
              00 00 00 
              00 00 00 
              00 00 00 
              00 00 00 
              00 00 00 
              00 00 00 
              00 00 00 
              00 00 00 
              00 00 00 
              00 00 00 
              00 00 00 
              00 00 00 
              00 00 00 
              00 00 00 
              00 00 00 
              00 00 00 
              00 00 00 
              00 00 00 
              00 00 00 
              00 00 00 
              00 00 00 
              00 00 00 
              00 00 00 
              00 00 00 
              00 00    TimeBuffer
                               SPACE            SIZE*4
   54 00000190 00 00 00 
              00       DataPt  SPACE            4
   55 00000194 00 00 00 
              00       TimePt  SPACE            4
   56 00000198         
   57 00000198         
   58 00000198                 ALIGN
   59 00000198                 AREA             |.text|, CODE, READONLY, ALIGN=
2



ARM Macro Assembler    Page 5 


   60 00000000                 THUMB
   61 00000000                 EXPORT           Start
   62 00000000                 IMPORT           TExaS_Init
   63 00000000         
   64 00000000         
   65 00000000 F7FF FFFE 
                       Start   BL               TExaS_Init  ; running at 80 MHz
                                                            , scope voltmeter o
                                                            n PD3
   66 00000004 480E            LDR              R0, =SYSCTL_RCGCGPIO_R
   67 00000006 6801            LDR              R1, [R0]
   68 00000008 F041 0130       ORR              R1, #0x30
   69 0000000C 6001            STR              R1, [R0]
   70 0000000E BF00            NOP
   71 00000010 BF00            NOP
   72 00000012         ; initialize Port E
   73 00000012 480C            LDR              R0, =GPIO_PORTE_DIR_R
   74 00000014 6801            LDR              R1, [R0]
   75 00000016 F041 0101       ORR              R1, #0x01
   76 0000001A F021 0102       BIC              R1, #0x02
   77 0000001E 6001            STR              R1, [R0]
   78 00000020         
   79 00000020 4809            LDR              R0, =GPIO_PORTE_AFSEL_R
   80 00000022 6801            LDR              R1, [R0]
   81 00000024 F021 0103       BIC              R1, #0x03
   82 00000028 6001            STR              R1, [R0]
   83 0000002A         
   84 0000002A 4808            LDR              R0, =GPIO_PORTE_DEN_R
   85 0000002C 6801            LDR              R1, [R0]
   86 0000002E F041 0103       ORR              R1, #0x03
   87 00000032 6001            STR              R1, [R0]
   88 00000034         ; initialize Port F
   89 00000034         ; initialize debugging dump, including SysTick
   90 00000034         
   91 00000034         
   92 00000034 B662            CPSIE            I           ; TExaS voltmeter, 
                                                            scope runs on inter
                                                            rupts
   93 00000036 F000 F802 
                       loop    BL               Debug_Capture
   94 0000003A         ;heartbeat
   95 0000003A         ; Delay
   96 0000003A         ;input PE1 test output PE0
   97 0000003A E7FC            B                loop
   98 0000003C         
   99 0000003C         
  100 0000003C         ;------------Debug_Init------------
  101 0000003C         ; Initializes the debugging instrument
  102 0000003C         ; Input: none
  103 0000003C         ; Output: none
  104 0000003C         ; Modifies: none
  105 0000003C         ; Note: push/pop an even number of registers so C compil
                       er is happy
  106 0000003C         Debug_Init
  107 0000003C         
  108 0000003C         ; init SysTick
  109 0000003C         
  110 0000003C 4770            BX               LR
  111 0000003E         



ARM Macro Assembler    Page 6 


  112 0000003E         ;------------Debug_Capture------------
  113 0000003E         ; Dump Port E and time into buffers
  114 0000003E         ; Input: none
  115 0000003E         ; Output: none
  116 0000003E         ; Modifies: none
  117 0000003E         ; Note: push/pop an even number of registers so C compil
                       er is happy
  118 0000003E         Debug_Capture
  119 0000003E         
  120 0000003E 4770            BX               LR
  121 00000040         
  122 00000040         
  123 00000040                 ALIGN                        ; make sure the end
                                                             of this section is
                                                             aligned
  124 00000040                 END                          ; end of file
              400FE608 
              40024400 
              40024420 
              4002451C 
Command Line: --debug --xref --cpu=Cortex-M4 --apcs=interwork --depend=.\main.d
 -o.\main.o -IC:\Keil\ARM\RV31\INC -IC:\Keil\ARM\CMSIS\Include -IC:\Keil\ARM\In
c\Luminary --predefine="__RTX SETA 1" --predefine="__EVAL SETA 1" --list=.\main
.lst main.s



ARM Macro Assembler    Page 1 Alphabetic symbol ordering
Relocatable symbols

DATA 00000000

Symbol: DATA
   Definitions
      At line 43 in file main.s
   Uses
      None
Comment: DATA unused
DataBuffer 00000000

Symbol: DataBuffer
   Definitions
      At line 52 in file main.s
   Uses
      At line 48 in file main.s
Comment: DataBuffer used once
DataPt 00000190

Symbol: DataPt
   Definitions
      At line 54 in file main.s
   Uses
      At line 50 in file main.s
Comment: DataPt used once
TimeBuffer 000000C8

Symbol: TimeBuffer
   Definitions
      At line 53 in file main.s
   Uses
      At line 49 in file main.s
Comment: TimeBuffer used once
TimePt 00000194

Symbol: TimePt
   Definitions
      At line 55 in file main.s
   Uses
      At line 51 in file main.s
Comment: TimePt used once
5 symbols



ARM Macro Assembler    Page 1 Alphabetic symbol ordering
Relocatable symbols

.text 00000000

Symbol: .text
   Definitions
      At line 59 in file main.s
   Uses
      None
Comment: .text unused
Debug_Capture 0000003E

Symbol: Debug_Capture
   Definitions
      At line 118 in file main.s
   Uses
      At line 93 in file main.s
Comment: Debug_Capture used once
Debug_Init 0000003C

Symbol: Debug_Init
   Definitions
      At line 106 in file main.s
   Uses
      None
Comment: Debug_Init unused
Start 00000000

Symbol: Start
   Definitions
      At line 65 in file main.s
   Uses
      At line 61 in file main.s
Comment: Start used once
loop 00000036

Symbol: loop
   Definitions
      At line 93 in file main.s
   Uses
      At line 97 in file main.s
Comment: loop used once
5 symbols



ARM Macro Assembler    Page 1 Alphabetic symbol ordering
Absolute symbols

GPIO_PORTE_AFSEL_R 40024420

Symbol: GPIO_PORTE_AFSEL_R
   Definitions
      At line 32 in file main.s
   Uses
      At line 79 in file main.s
Comment: GPIO_PORTE_AFSEL_R used once
GPIO_PORTE_DATA_R 400243FC

Symbol: GPIO_PORTE_DATA_R
   Definitions
      At line 30 in file main.s
   Uses
      None
Comment: GPIO_PORTE_DATA_R unused
GPIO_PORTE_DEN_R 4002451C

Symbol: GPIO_PORTE_DEN_R
   Definitions
      At line 34 in file main.s
   Uses
      At line 84 in file main.s
Comment: GPIO_PORTE_DEN_R used once
GPIO_PORTE_DIR_R 40024400

Symbol: GPIO_PORTE_DIR_R
   Definitions
      At line 31 in file main.s
   Uses
      At line 73 in file main.s
Comment: GPIO_PORTE_DIR_R used once
GPIO_PORTE_PUR_R 40024510

Symbol: GPIO_PORTE_PUR_R
   Definitions
      At line 33 in file main.s
   Uses
      None
Comment: GPIO_PORTE_PUR_R unused
GPIO_PORTF_AFSEL_R 40025420

Symbol: GPIO_PORTF_AFSEL_R
   Definitions
      At line 37 in file main.s
   Uses
      None
Comment: GPIO_PORTF_AFSEL_R unused
GPIO_PORTF_DATA_R 400253FC

Symbol: GPIO_PORTF_DATA_R
   Definitions
      At line 35 in file main.s
   Uses
      None
Comment: GPIO_PORTF_DATA_R unused
GPIO_PORTF_DEN_R 4002551C

Symbol: GPIO_PORTF_DEN_R



ARM Macro Assembler    Page 2 Alphabetic symbol ordering
Absolute symbols

   Definitions
      At line 38 in file main.s
   Uses
      None
Comment: GPIO_PORTF_DEN_R unused
GPIO_PORTF_DIR_R 40025400

Symbol: GPIO_PORTF_DIR_R
   Definitions
      At line 36 in file main.s
   Uses
      None
Comment: GPIO_PORTF_DIR_R unused
LED 40024004

Symbol: LED
   Definitions
      At line 26 in file main.s
   Uses
      None
Comment: LED unused
NVIC_ST_CTRL_R E000E010

Symbol: NVIC_ST_CTRL_R
   Definitions
      At line 39 in file main.s
   Uses
      None
Comment: NVIC_ST_CTRL_R unused
NVIC_ST_CURRENT_R E000E018

Symbol: NVIC_ST_CURRENT_R
   Definitions
      At line 41 in file main.s
   Uses
      None
Comment: NVIC_ST_CURRENT_R unused
NVIC_ST_RELOAD_R E000E014

Symbol: NVIC_ST_RELOAD_R
   Definitions
      At line 40 in file main.s
   Uses
      None
Comment: NVIC_ST_RELOAD_R unused
SIZE 00000032

Symbol: SIZE
   Definitions
      At line 44 in file main.s
   Uses
      At line 52 in file main.s
      At line 53 in file main.s

SWITCH 40024008

Symbol: SWITCH
   Definitions
      At line 25 in file main.s



ARM Macro Assembler    Page 3 Alphabetic symbol ordering
Absolute symbols

   Uses
      None
Comment: SWITCH unused
SYSCTL_RCGC2_GPIOE 00000010

Symbol: SYSCTL_RCGC2_GPIOE
   Definitions
      At line 28 in file main.s
   Uses
      None
Comment: SYSCTL_RCGC2_GPIOE unused
SYSCTL_RCGC2_GPIOF 00000020

Symbol: SYSCTL_RCGC2_GPIOF
   Definitions
      At line 29 in file main.s
   Uses
      None
Comment: SYSCTL_RCGC2_GPIOF unused
SYSCTL_RCGCGPIO_R 400FE608

Symbol: SYSCTL_RCGCGPIO_R
   Definitions
      At line 27 in file main.s
   Uses
      At line 66 in file main.s
Comment: SYSCTL_RCGCGPIO_R used once
18 symbols



ARM Macro Assembler    Page 1 Alphabetic symbol ordering
External symbols

TExaS_Init 00000000

Symbol: TExaS_Init
   Definitions
      At line 62 in file main.s
   Uses
      At line 65 in file main.s
Comment: TExaS_Init used once
1 symbol
363 symbols in table
